<testsuite name="Mocha Tests" tests="22" failures="2" errors="2" skipped="0" timestamp="Tue, 16 Aug 2016 13:49:46 GMT" time="5.722">
<testcase classname="end to end on page load" name="displays TODO title" time="0.329"/>
<testcase classname="end to end on page load" name="displays empty TODO list" time="0.1"/>
<testcase classname="end to end on page load" name="displays an error if the request fails" time="0.099"/>
<testcase classname="end to end on create todo item" name="clears the input field" time="0.309"/>
<testcase classname="end to end on create todo item" name="adds the todo item to the list" time="0.203"/>
<testcase classname="end to end on create todo item" name="displays an error if the request fails" time="0.188"/>
<testcase classname="end to end on create todo item" name="can be done multiple times" time="0.254"/>
<testcase classname="end to end on delete todo item" name="deletes the todo item to the list" time="0.279"/>
<testcase classname="end to end on delete todo item" name="displays an error if the request fails" time="0.265"/>
<testcase classname="end to end on update todo item" name="changes the update button into a done button" time="0.22"/>
<testcase classname="end to end on update todo item" name="changes the done button into an update button after update" time="0.31"/>
<testcase classname="end to end on update todo item" name="updates the todo item to the list" time="0.313"><failure>unknown error: cannot focus element
  (Session info: chrome=51.0.2704.106)
  (Driver info: chromedriver=2.23.409699 (49b0fa931cda1caad0ae15b7d1b68004acd05129),platform=Windows NT 6.1.7601 SP1 x86_64)
WebDriverError: unknown error: cannot focus element
  (Session info: chrome=51.0.2704.106)
  (Driver info: chromedriver=2.23.409699 (49b0fa931cda1caad0ae15b7d1b68004acd05129),platform=Windows NT 6.1.7601 SP1 x86_64)
    at WebDriverError (C:\dev\todo\node_modules\selenium-webdriver\lib\error.js:27:10)
    at Object.checkLegacyResponse (C:\dev\todo\node_modules\selenium-webdriver\lib\error.js:639:15)
    at parseHttpResponse (C:\dev\todo\node_modules\selenium-webdriver\http\index.js:538:13)
    at C:\dev\todo\node_modules\selenium-webdriver\http\index.js:472:11
    at ManagedPromise.invokeCallback_ (C:\dev\todo\node_modules\selenium-webdriver\lib\promise.js:1379:14)
    at TaskQueue.execute_ (C:\dev\todo\node_modules\selenium-webdriver\lib\promise.js:2913:14)
    at TaskQueue.executeNext_ (C:\dev\todo\node_modules\selenium-webdriver\lib\promise.js:2896:21)
    at C:\dev\todo\node_modules\selenium-webdriver\lib\promise.js:2820:25
    at C:\dev\todo\node_modules\selenium-webdriver\lib\promise.js:639:7
From: Task: WebElement.sendKeys()
    at Driver.schedule (C:\dev\todo\node_modules\selenium-webdriver\lib\webdriver.js:377:17)
    at WebElementPromise.schedule_ (C:\dev\todo\node_modules\selenium-webdriver\lib\webdriver.js:1744:25)
    at WebElementPromise.sendKeys (C:\dev\todo\node_modules\selenium-webdriver\lib\webdriver.js:1924:19)
    at Object.module.exports.updateTodo (C:\dev\todo\test\e2eHelpers.js:120:49)
    at Context.&lt;anonymous&gt; (C:\dev\todo\test\e2e.js:112:32)
    at C:\dev\todo\node_modules\selenium-webdriver\testing\index.js:144:19
    at new ManagedPromise (C:\dev\todo\node_modules\selenium-webdriver\lib\promise.js:1082:7)
    at controlFlowExecute (C:\dev\todo\node_modules\selenium-webdriver\testing\index.js:129:14)
    at TaskQueue.execute_ (C:\dev\todo\node_modules\selenium-webdriver\lib\promise.js:2913:14)
    at TaskQueue.executeNext_ (C:\dev\todo\node_modules\selenium-webdriver\lib\promise.js:2896:21)
From: Task: end to end on update todo item updates the todo item to the list
    at Context.ret (C:\dev\todo\node_modules\selenium-webdriver\testing\index.js:128:10)
    at callFnAsync (C:\dev\todo\node_modules\mocha\lib\runnable.js:349:8)
    at Test.Runnable.run (C:\dev\todo\node_modules\mocha\lib\runnable.js:301:7)
    at Runner.runTest (C:\dev\todo\node_modules\mocha\lib\runner.js:422:10)
    at C:\dev\todo\node_modules\mocha\lib\runner.js:528:12
    at next (C:\dev\todo\node_modules\mocha\lib\runner.js:342:14)
    at C:\dev\todo\node_modules\mocha\lib\runner.js:352:7
    at next (C:\dev\todo\node_modules\mocha\lib\runner.js:284:14)
    at Immediate._onImmediate (C:\dev\todo\node_modules\mocha\lib\runner.js:320:5)</failure></testcase>
<testcase classname="end to end on update todo item" name="displays an error if the request fails" time="0.324"><failure>unknown error: cannot focus element
  (Session info: chrome=51.0.2704.106)
  (Driver info: chromedriver=2.23.409699 (49b0fa931cda1caad0ae15b7d1b68004acd05129),platform=Windows NT 6.1.7601 SP1 x86_64)
WebDriverError: unknown error: cannot focus element
  (Session info: chrome=51.0.2704.106)
  (Driver info: chromedriver=2.23.409699 (49b0fa931cda1caad0ae15b7d1b68004acd05129),platform=Windows NT 6.1.7601 SP1 x86_64)
    at WebDriverError (C:\dev\todo\node_modules\selenium-webdriver\lib\error.js:27:10)
    at Object.checkLegacyResponse (C:\dev\todo\node_modules\selenium-webdriver\lib\error.js:639:15)
    at parseHttpResponse (C:\dev\todo\node_modules\selenium-webdriver\http\index.js:538:13)
    at C:\dev\todo\node_modules\selenium-webdriver\http\index.js:472:11
    at ManagedPromise.invokeCallback_ (C:\dev\todo\node_modules\selenium-webdriver\lib\promise.js:1379:14)
    at TaskQueue.execute_ (C:\dev\todo\node_modules\selenium-webdriver\lib\promise.js:2913:14)
    at TaskQueue.executeNext_ (C:\dev\todo\node_modules\selenium-webdriver\lib\promise.js:2896:21)
    at C:\dev\todo\node_modules\selenium-webdriver\lib\promise.js:2820:25
    at C:\dev\todo\node_modules\selenium-webdriver\lib\promise.js:639:7
From: Task: WebElement.sendKeys()
    at Driver.schedule (C:\dev\todo\node_modules\selenium-webdriver\lib\webdriver.js:377:17)
    at WebElementPromise.schedule_ (C:\dev\todo\node_modules\selenium-webdriver\lib\webdriver.js:1744:25)
    at WebElementPromise.sendKeys (C:\dev\todo\node_modules\selenium-webdriver\lib\webdriver.js:1924:19)
    at Object.module.exports.updateTodo (C:\dev\todo\test\e2eHelpers.js:120:49)
    at Context.&lt;anonymous&gt; (C:\dev\todo\test\e2e.js:121:21)
    at C:\dev\todo\node_modules\selenium-webdriver\testing\index.js:144:19
    at new ManagedPromise (C:\dev\todo\node_modules\selenium-webdriver\lib\promise.js:1082:7)
    at controlFlowExecute (C:\dev\todo\node_modules\selenium-webdriver\testing\index.js:129:14)
    at TaskQueue.execute_ (C:\dev\todo\node_modules\selenium-webdriver\lib\promise.js:2913:14)
    at TaskQueue.executeNext_ (C:\dev\todo\node_modules\selenium-webdriver\lib\promise.js:2896:21)
From: Task: end to end on update todo item displays an error if the request fails
    at Context.ret (C:\dev\todo\node_modules\selenium-webdriver\testing\index.js:128:10)
    at callFnAsync (C:\dev\todo\node_modules\mocha\lib\runnable.js:349:8)
    at Test.Runnable.run (C:\dev\todo\node_modules\mocha\lib\runnable.js:301:7)
    at Runner.runTest (C:\dev\todo\node_modules\mocha\lib\runner.js:422:10)
    at C:\dev\todo\node_modules\mocha\lib\runner.js:528:12
    at next (C:\dev\todo\node_modules\mocha\lib\runner.js:342:14)
    at C:\dev\todo\node_modules\mocha\lib\runner.js:352:7
    at next (C:\dev\todo\node_modules\mocha\lib\runner.js:284:14)
    at Immediate._onImmediate (C:\dev\todo\node_modules\mocha\lib\runner.js:320:5)</failure></testcase>
<testcase classname="server get list of todos" name="responds with status code 200" time="0.028"/>
<testcase classname="server get list of todos" name="responds with a body encoded as JSON in UTF-8" time="0.007"/>
<testcase classname="server get list of todos" name="responds with a body that is a JSON empty array" time="0.004"/>
<testcase classname="server create a new todo" name="responds with status code 201" time="0.009"/>
<testcase classname="server create a new todo" name="responds with the location of the newly added resource" time="0.004"/>
<testcase classname="server create a new todo" name="inserts the todo at the end of the list of todos" time="0.007"/>
<testcase classname="server delete a todo" name="responds with status code 404 if there is no such item" time="0.004"/>
<testcase classname="server delete a todo" name="responds with status code 200" time="0.007"/>
<testcase classname="server delete a todo" name="removes the item from the list of todos" time="0.014"/>
</testsuite>
